0 info it worked if it ends with ok
1 verbose cli [ 'C:\\Program Files (x86)\\nodejs\\node.exe',
1 verbose cli   'C:\\Program Files (x86)\\nodejs\\node_modules\\npm\\bin\\npm-cli.js',
1 verbose cli   'run',
1 verbose cli   'build' ]
2 info using npm@3.10.10
3 info using node@v6.10.3
4 verbose run-script [ 'prebuild', 'build', 'postbuild' ]
5 info lifecycle aaa@1.0.0~prebuild: aaa@1.0.0
6 silly lifecycle aaa@1.0.0~prebuild: no script for prebuild, continuing
7 info lifecycle aaa@1.0.0~build: aaa@1.0.0
8 verbose lifecycle aaa@1.0.0~build: unsafe-perm in lifecycle true
9 verbose lifecycle aaa@1.0.0~build: PATH: C:\Program Files (x86)\nodejs\node_modules\npm\bin\node-gyp-bin;J:\project\project\src\WebHost\node_modules\.bin;C:\ProgramData\Oracle\Java\javapath;C:\Python34\;C:\Python34\Scripts;C:\WINDOWS\system32;C:\WINDOWS;C:\WINDOWS\System32\Wbem;C:\WINDOWS\System32\WindowsPowerShell\v1.0\;C:\Program Files\Microsoft SQL Server\120\Tools\Binn\;C:\Program Files\Microsoft SQL Server\130\Tools\Binn\;C:\Program Files (x86)\Microsoft Emulator Manager\1.0\;C:\Program Files\Microsoft SQL Server\120\DTS\Binn\;C:\Program Files\Microsoft SQL Server\Client SDK\ODBC\110\Tools\Binn\;C:\Program Files (x86)\Microsoft SQL Server\120\Tools\Binn\;C:\Program Files (x86)\Microsoft SQL Server\120\Tools\Binn\ManagementStudio\;C:\Program Files (x86)\Microsoft SQL Server\120\DTS\Binn\;D:\go\GO\bin;C:\Program Files\MySQL\MySQL Utilities 1.6\;C:\Program Files\Redis\;D:\go\workspace\bin;C:\Program Files\TortoiseSVN\bin;C:\Program Files (x86)\nodejs\;C:\Program Files\dotnet\;D:\java\mvn\apache-maven-3.5.0\bin;C:\Program Files\Microsoft DNX\Dnvm\;C:\Program Files\Git\cmd;D:\work\java\jdk1.8.0_131\bin;C:\Program Files\Docker Toolbox;C:\Users\ADA\AppData\Local\Microsoft\WindowsApps;;C:\Program Files (x86)\Microsoft VS Code\bin;C:\Users\ADA\AppData\Roaming\npm
10 verbose lifecycle aaa@1.0.0~build: CWD: J:\project\project\src\WebHost
11 silly lifecycle aaa@1.0.0~build: Args: [ '/d /s /c', 'gulp build' ]
12 silly lifecycle aaa@1.0.0~build: Returned: code: 1  signal: null
13 info lifecycle aaa@1.0.0~build: Failed to exec build script
14 verbose stack Error: aaa@1.0.0 build: `gulp build`
14 verbose stack Exit status 1
14 verbose stack     at EventEmitter.<anonymous> (C:\Program Files (x86)\nodejs\node_modules\npm\lib\utils\lifecycle.js:255:16)
14 verbose stack     at emitTwo (events.js:106:13)
14 verbose stack     at EventEmitter.emit (events.js:191:7)
14 verbose stack     at ChildProcess.<anonymous> (C:\Program Files (x86)\nodejs\node_modules\npm\lib\utils\spawn.js:40:14)
14 verbose stack     at emitTwo (events.js:106:13)
14 verbose stack     at ChildProcess.emit (events.js:191:7)
14 verbose stack     at maybeClose (internal/child_process.js:886:16)
14 verbose stack     at Process.ChildProcess._handle.onexit (internal/child_process.js:226:5)
15 verbose pkgid aaa@1.0.0
16 verbose cwd J:\project\project\src\WebHost
17 error Windows_NT 10.0.14393
18 error argv "C:\\Program Files (x86)\\nodejs\\node.exe" "C:\\Program Files (x86)\\nodejs\\node_modules\\npm\\bin\\npm-cli.js" "run" "build"
19 error node v6.10.3
20 error npm  v3.10.10
21 error code ELIFECYCLE
22 error aaa@1.0.0 build: `gulp build`
22 error Exit status 1
23 error Failed at the aaa@1.0.0 build script 'gulp build'.
23 error Make sure you have the latest version of node.js and npm installed.
23 error If you do, this is most likely a problem with the aaa package,
23 error not with npm itself.
23 error Tell the author that this fails on your system:
23 error     gulp build
23 error You can get information on how to open an issue for this project with:
23 error     npm bugs aaa
23 error Or if that isn't available, you can get their info via:
23 error     npm owner ls aaa
23 error There is likely additional logging output above.
24 verbose exit [ 1, true ]
